<?xml version="1.0" encoding="UTF-8"?>
<testng-results skipped="1" failed="0" ignored="0" total="1" passed="0">
  <reporter-output>
  </reporter-output>
  <suite name="Default suite" duration-ms="2684178" started-at="2018-11-10T05:24:19Z" finished-at="2018-11-10T06:09:03Z">
    <groups>
    </groups>
    <test name="Default test" duration-ms="2684178" started-at="2018-11-10T05:24:19Z" finished-at="2018-11-10T06:09:03Z">
      <class name="com.yosi.testscript.Patient_Info_TC">
        <test-method status="PASS" signature="beforeClass()[pri:0, instance:com.yosi.testscript.Patient_Info_TC@64bfbc86]" name="beforeClass" is-config="true" duration-ms="129720" started-at="2018-11-10T10:54:19Z" finished-at="2018-11-10T10:56:29Z">
          <reporter-output>
          </reporter-output>
        </test-method> <!-- beforeClass -->
        <test-method status="SKIP" signature="patient_info(java.lang.String, java.lang.String, java.lang.String)[pri:0, instance:com.yosi.testscript.Patient_Info_TC@64bfbc86]" name="patient_info" duration-ms="0" started-at="2018-11-10T10:56:30Z" data-provider="dp" finished-at="2018-11-10T10:56:30Z">
          <exception class="java.lang.RuntimeException">
            <message>
              <![CDATA[java.lang.NoClassDefFoundError: org/apache/commons/compress/utils/InputStreamStatistics]]>
            </message>
            <full-stacktrace>
              <![CDATA[java.lang.RuntimeException: java.lang.NoClassDefFoundError: org/apache/commons/compress/utils/InputStreamStatisticsat org.testng.internal.MethodInvocationHelper.invokeMethodNoCheckedException(MethodInvocationHelper.java:49)at org.testng.internal.MethodInvocationHelper.invokeDataProvider(MethodInvocationHelper.java:131)at org.testng.internal.Parameters.handleParameters(Parameters.java:706)at org.testng.internal.ParameterHandler.handleParameters(ParameterHandler.java:49)at org.testng.internal.ParameterHandler.createParameters(ParameterHandler.java:37)at org.testng.internal.Invoker.invokeTestMethods(Invoker.java:914)at org.testng.internal.TestMethodWorker.invokeTestMethods(TestMethodWorker.java:125)at org.testng.internal.TestMethodWorker.run(TestMethodWorker.java:109)at org.testng.TestRunner.privateRun(TestRunner.java:648)at org.testng.TestRunner.run(TestRunner.java:505)at org.testng.SuiteRunner.runTest(SuiteRunner.java:455)at org.testng.SuiteRunner.runSequentially(SuiteRunner.java:450)at org.testng.SuiteRunner.privateRun(SuiteRunner.java:415)at org.testng.SuiteRunner.run(SuiteRunner.java:364)at org.testng.SuiteRunnerWorker.runSuite(SuiteRunnerWorker.java:52)at org.testng.SuiteRunnerWorker.run(SuiteRunnerWorker.java:84)at org.testng.TestNG.runSuitesSequentially(TestNG.java:1187)at org.testng.TestNG.runSuitesLocally(TestNG.java:1116)at org.testng.TestNG.runSuites(TestNG.java:1028)at org.testng.TestNG.run(TestNG.java:996)at org.testng.remote.AbstractRemoteTestNG.run(AbstractRemoteTestNG.java:114)at org.testng.remote.RemoteTestNG.initAndRun(RemoteTestNG.java:251)at org.testng.remote.RemoteTestNG.main(RemoteTestNG.java:77)Caused by: java.lang.NoClassDefFoundError: org/apache/commons/compress/utils/InputStreamStatisticsat org.apache.poi.openxml4j.util.ZipArchiveThresholdInputStream.<init>(ZipArchiveThresholdInputStream.java:62)at org.apache.poi.openxml4j.util.ZipSecureFile.getInputStream(ZipSecureFile.java:147)at org.apache.poi.openxml4j.util.ZipSecureFile.getInputStream(ZipSecureFile.java:34)at org.apache.poi.openxml4j.util.ZipFileZipEntrySource.getInputStream(ZipFileZipEntrySource.java:66)at org.apache.poi.openxml4j.opc.ZipPackage.getPartsImpl(ZipPackage.java:258)at org.apache.poi.openxml4j.opc.OPCPackage.getParts(OPCPackage.java:725)at org.apache.poi.openxml4j.opc.OPCPackage.open(OPCPackage.java:238)at org.apache.poi.openxml4j.opc.OPCPackage.open(OPCPackage.java:167)at org.apache.poi.ooxml.POIXMLDocument.openPackage(POIXMLDocument.java:89)at org.apache.poi.xssf.usermodel.XSSFWorkbook.<init>(XSSFWorkbook.java:340)at com.yosi.util.ExcelUtils.getTableArray(ExcelUtils.java:37)at com.yosi.testscript.Patient_Info_TC.dp(Patient_Info_TC.java:59)at sun.reflect.NativeMethodAccessorImpl.invoke0(Native Method)at sun.reflect.NativeMethodAccessorImpl.invoke(Unknown Source)at sun.reflect.DelegatingMethodAccessorImpl.invoke(Unknown Source)at java.lang.reflect.Method.invoke(Unknown Source)at org.testng.internal.MethodInvocationHelper.invokeMethod(MethodInvocationHelper.java:124)at org.testng.internal.MethodInvocationHelper.invokeMethod(MethodInvocationHelper.java:74)at org.testng.internal.MethodInvocationHelper.invokeMethodNoCheckedException(MethodInvocationHelper.java:45)... 22 moreCaused by: java.lang.ClassNotFoundException: org.apache.commons.compress.utils.InputStreamStatisticsat java.net.URLClassLoader.findClass(Unknown Source)at java.lang.ClassLoader.loadClass(Unknown Source)at sun.misc.Launcher$AppClassLoader.loadClass(Unknown Source)at java.lang.ClassLoader.loadClass(Unknown Source)... 41 more]]>
            </full-stacktrace>
          </exception> <!-- java.lang.RuntimeException -->
          <reporter-output>
          </reporter-output>
        </test-method> <!-- patient_info -->
        <test-method status="FAIL" signature="afterClass()[pri:0, instance:com.yosi.testscript.Patient_Info_TC@64bfbc86]" name="afterClass" is-config="true" duration-ms="2553020" started-at="2018-11-10T10:56:30Z" finished-at="2018-11-10T11:39:03Z">
          <exception class="java.lang.NullPointerException">
            <full-stacktrace>
              <![CDATA[java.lang.NullPointerExceptionat com.yosi.testscript.Patient_Info_TC.afterClass(Patient_Info_TC.java:192)at sun.reflect.NativeMethodAccessorImpl.invoke0(Native Method)at sun.reflect.NativeMethodAccessorImpl.invoke(Unknown Source)at sun.reflect.DelegatingMethodAccessorImpl.invoke(Unknown Source)at java.lang.reflect.Method.invoke(Unknown Source)at org.testng.internal.MethodInvocationHelper.invokeMethod(MethodInvocationHelper.java:124)at org.testng.internal.MethodInvocationHelper.invokeMethodConsideringTimeout(MethodInvocationHelper.java:59)at org.testng.internal.Invoker.invokeConfigurationMethod(Invoker.java:451)at org.testng.internal.Invoker.invokeConfigurations(Invoker.java:222)at org.testng.internal.Invoker.invokeConfigurations(Invoker.java:142)at org.testng.internal.TestMethodWorker.invokeAfterClassMethods(TestMethodWorker.java:208)at org.testng.internal.TestMethodWorker.run(TestMethodWorker.java:111)at org.testng.TestRunner.privateRun(TestRunner.java:648)at org.testng.TestRunner.run(TestRunner.java:505)at org.testng.SuiteRunner.runTest(SuiteRunner.java:455)at org.testng.SuiteRunner.runSequentially(SuiteRunner.java:450)at org.testng.SuiteRunner.privateRun(SuiteRunner.java:415)at org.testng.SuiteRunner.run(SuiteRunner.java:364)at org.testng.SuiteRunnerWorker.runSuite(SuiteRunnerWorker.java:52)at org.testng.SuiteRunnerWorker.run(SuiteRunnerWorker.java:84)at org.testng.TestNG.runSuitesSequentially(TestNG.java:1187)at org.testng.TestNG.runSuitesLocally(TestNG.java:1116)at org.testng.TestNG.runSuites(TestNG.java:1028)at org.testng.TestNG.run(TestNG.java:996)at org.testng.remote.AbstractRemoteTestNG.run(AbstractRemoteTestNG.java:114)at org.testng.remote.RemoteTestNG.initAndRun(RemoteTestNG.java:251)at org.testng.remote.RemoteTestNG.main(RemoteTestNG.java:77)]]>
            </full-stacktrace>
          </exception> <!-- java.lang.NullPointerException -->
          <reporter-output>
          </reporter-output>
        </test-method> <!-- afterClass -->
      </class> <!-- com.yosi.testscript.Patient_Info_TC -->
    </test> <!-- Default test -->
  </suite> <!-- Default suite -->
</testng-results>
